[ 2018-04-18T15:19:48+08:00 ][ info ] [ BEHAVIOR ] Run Closure @app_init [ RunTime:0.000000s ]
[ info ] [ LOG ] INIT File
[ 2018-04-18T15:19:48+08:00 ][ info ] [ CACHE ] INIT File
[ 2018-04-18T15:19:48+08:00 ][ info ] [ BEHAVIOR ] Run Closure @app_init [ RunTime:0.004001s ]
[ 2018-04-18T15:19:48+08:00 ][ info ] [ DB ] INIT mysql
[ 2018-04-18T15:19:48+08:00 ][ sql ] [ DB ] CONNECT:[ UseTime:0.002000s ] mysql:host=127.0.0.1;dbname=db_anchor;charset=utf8
[ 2018-04-18T15:19:48+08:00 ][ sql ] [ SQL ] SHOW TABLE STATUS LIKE 'session' [ RunTime:0.001000s ]
[ 2018-04-18T15:19:48+08:00 ][ sql ] [ SQL ] SHOW TABLE STATUS LIKE 'tb_session' [ RunTime:0.001000s ]
[ 2018-04-18T15:20:55+08:00 ][ info ] [ BEHAVIOR ] Run Closure @app_init [ RunTime:0.001000s ]
[ info ] [ LOG ] INIT File
[ 2018-04-18T15:20:55+08:00 ][ info ] [ CACHE ] INIT File
[ 2018-04-18T15:20:55+08:00 ][ info ] [ BEHAVIOR ] Run Closure @app_init [ RunTime:0.003000s ]
[ 2018-04-18T15:20:55+08:00 ][ info ] [ DB ] INIT mysql
[ 2018-04-18T15:20:55+08:00 ][ sql ] [ DB ] CONNECT:[ UseTime:0.002000s ] mysql:host=127.0.0.1;dbname=db_anchor;charset=utf8
[ 2018-04-18T15:20:55+08:00 ][ sql ] [ SQL ] SHOW TABLE STATUS LIKE 'session' [ RunTime:0.001000s ]
[ 2018-04-18T15:20:55+08:00 ][ sql ] [ SQL ] SHOW TABLE STATUS LIKE 'tb_session' [ RunTime:0.001000s ]
[ 2018-04-18T15:20:55+08:00 ][ sql ] [ SQL ] SHOW TABLE STATUS LIKE 'platform' [ RunTime:0.001000s ]
[ 2018-04-18T15:20:55+08:00 ][ sql ] [ SQL ] SHOW TABLE STATUS LIKE 'tb_platform' [ RunTime:0.000000s ]
[ 2018-04-18T15:20:55+08:00 ][ sql ] [ SQL ] SHOW TABLE STATUS LIKE 'user' [ RunTime:0.001001s ]
[ 2018-04-18T15:20:55+08:00 ][ sql ] [ SQL ] SHOW TABLE STATUS LIKE 'tb_user' [ RunTime:0.000000s ]
[ 2018-04-18T15:20:55+08:00 ][ sql ] [ SQL ] SELECT * FROM `information_schema`.`columns` WHERE TABLE_SCHEMA = 'db_anchor' AND table_name = 'tb_session' ORDER BY ORDINAL_POSITION [ RunTime:0.012000s ]
[ 2018-04-18T15:20:55+08:00 ][ sql ] [ SQL ] SELECT * FROM `information_schema`.`columns` WHERE TABLE_SCHEMA = 'db_anchor' AND table_name = 'tb_platform' ORDER BY ORDINAL_POSITION [ RunTime:0.010001s ]
[ 2018-04-18T15:20:55+08:00 ][ sql ] [ SQL ] SELECT * FROM `information_schema`.`columns` WHERE TABLE_SCHEMA = 'db_anchor' AND table_name = 'tb_user' ORDER BY ORDINAL_POSITION [ RunTime:0.011001s ]
[ 2018-04-18T15:32:45+08:00 ][ info ] [ BEHAVIOR ] Run Closure @app_init [ RunTime:0.000000s ]
[ info ] [ LOG ] INIT File
[ 2018-04-18T15:32:45+08:00 ][ info ] [ CACHE ] INIT File
[ 2018-04-18T15:32:45+08:00 ][ info ] [ BEHAVIOR ] Run Closure @app_init [ RunTime:0.005000s ]
[ 2018-04-18T15:32:45+08:00 ][ info ] [ DB ] INIT mysql
[ 2018-04-18T15:32:45+08:00 ][ sql ] [ DB ] CONNECT:[ UseTime:0.002000s ] mysql:host=127.0.0.1;dbname=db_anchor;charset=utf8
[ 2018-04-18T15:32:45+08:00 ][ sql ] [ SQL ] SHOW TABLE STATUS LIKE 'duration' [ RunTime:0.001001s ]
[ 2018-04-18T15:32:45+08:00 ][ sql ] [ SQL ] SHOW TABLE STATUS LIKE 'tb_duration' [ RunTime:0.001000s ]
[ 2018-04-18T15:35:04+08:00 ][ info ] [ BEHAVIOR ] Run Closure @app_init [ RunTime:0.000000s ]
[ info ] [ LOG ] INIT File
[ 2018-04-18T15:35:04+08:00 ][ info ] [ CACHE ] INIT File
[ 2018-04-18T15:35:04+08:00 ][ info ] [ BEHAVIOR ] Run Closure @app_init [ RunTime:0.003000s ]
[ 2018-04-18T15:35:04+08:00 ][ info ] [ DB ] INIT mysql
[ 2018-04-18T15:35:04+08:00 ][ sql ] [ DB ] CONNECT:[ UseTime:0.002000s ] mysql:host=127.0.0.1;dbname=db_anchor;charset=utf8
[ 2018-04-18T15:35:04+08:00 ][ sql ] [ SQL ] SHOW TABLE STATUS LIKE 'duration' [ RunTime:0.001000s ]
[ 2018-04-18T15:35:04+08:00 ][ sql ] [ SQL ] SHOW TABLE STATUS LIKE 'tb_duration' [ RunTime:0.001000s ]
[ 2018-04-18T15:35:04+08:00 ][ sql ] [ SQL ] SHOW TABLE STATUS LIKE 'platform' [ RunTime:0.000000s ]
[ 2018-04-18T15:35:04+08:00 ][ sql ] [ SQL ] SHOW TABLE STATUS LIKE 'tb_platform' [ RunTime:0.001000s ]
[ 2018-04-18T15:35:04+08:00 ][ sql ] [ SQL ] SHOW TABLE STATUS LIKE 'user' [ RunTime:0.000000s ]
[ 2018-04-18T15:35:04+08:00 ][ sql ] [ SQL ] SHOW TABLE STATUS LIKE 'tb_user' [ RunTime:0.001000s ]
[ 2018-04-18T15:35:04+08:00 ][ sql ] [ SQL ] SELECT * FROM `information_schema`.`columns` WHERE TABLE_SCHEMA = 'db_anchor' AND table_name = 'tb_duration' ORDER BY ORDINAL_POSITION [ RunTime:0.014001s ]
[ 2018-04-18T15:35:04+08:00 ][ sql ] [ SQL ] SELECT * FROM `information_schema`.`columns` WHERE TABLE_SCHEMA = 'db_anchor' AND table_name = 'tb_platform' ORDER BY ORDINAL_POSITION [ RunTime:0.013000s ]
[ 2018-04-18T15:35:04+08:00 ][ sql ] [ SQL ] SELECT * FROM `information_schema`.`columns` WHERE TABLE_SCHEMA = 'db_anchor' AND table_name = 'tb_user' ORDER BY ORDINAL_POSITION [ RunTime:0.014001s ]
[ 2018-04-18T15:40:44+08:00 ][ info ] [ BEHAVIOR ] Run Closure @app_init [ RunTime:0.000000s ]
[ info ] [ LOG ] INIT File
[ 2018-04-18T15:40:44+08:00 ][ info ] [ CACHE ] INIT File
[ 2018-04-18T15:40:44+08:00 ][ info ] [ BEHAVIOR ] Run Closure @app_init [ RunTime:0.004000s ]
[ 2018-04-18T15:40:44+08:00 ][ info ] [ DB ] INIT mysql
[ 2018-04-18T15:40:44+08:00 ][ sql ] [ DB ] CONNECT:[ UseTime:0.001000s ] mysql:host=127.0.0.1;dbname=db_anchor;charset=utf8
[ 2018-04-18T15:40:44+08:00 ][ sql ] [ SQL ] SHOW TABLE STATUS LIKE 'popular' [ RunTime:0.001000s ]
[ 2018-04-18T15:40:44+08:00 ][ sql ] [ SQL ] SHOW TABLE STATUS LIKE 'tb_popular' [ RunTime:0.001000s ]
[ 2018-04-18T15:41:27+08:00 ][ info ] [ BEHAVIOR ] Run Closure @app_init [ RunTime:0.000000s ]
[ info ] [ LOG ] INIT File
[ 2018-04-18T15:41:27+08:00 ][ info ] [ CACHE ] INIT File
[ 2018-04-18T15:41:27+08:00 ][ info ] [ BEHAVIOR ] Run Closure @app_init [ RunTime:0.004000s ]
[ 2018-04-18T15:42:16+08:00 ][ info ] [ BEHAVIOR ] Run Closure @app_init [ RunTime:0.000000s ]
[ info ] [ LOG ] INIT File
[ 2018-04-18T15:42:16+08:00 ][ info ] [ CACHE ] INIT File
[ 2018-04-18T15:42:16+08:00 ][ info ] [ BEHAVIOR ] Run Closure @app_init [ RunTime:0.004001s ]
[ 2018-04-18T15:42:16+08:00 ][ info ] [ DB ] INIT mysql
[ 2018-04-18T15:42:16+08:00 ][ sql ] [ DB ] CONNECT:[ UseTime:0.011001s ] mysql:host=127.0.0.1;dbname=db_anchor;charset=utf8
[ 2018-04-18T15:42:16+08:00 ][ sql ] [ SQL ] SHOW TABLE STATUS LIKE 'popular' [ RunTime:0.001000s ]
[ 2018-04-18T15:42:16+08:00 ][ sql ] [ SQL ] SHOW TABLE STATUS LIKE 'tb_popular' [ RunTime:0.000000s ]
[ 2018-04-18T15:42:16+08:00 ][ sql ] [ SQL ] SHOW TABLE STATUS LIKE 'platform' [ RunTime:0.001000s ]
[ 2018-04-18T15:42:16+08:00 ][ sql ] [ SQL ] SHOW TABLE STATUS LIKE 'tb_platform' [ RunTime:0.000000s ]
[ 2018-04-18T15:42:16+08:00 ][ sql ] [ SQL ] SHOW TABLE STATUS LIKE 'user' [ RunTime:0.001000s ]
[ 2018-04-18T15:42:16+08:00 ][ sql ] [ SQL ] SHOW TABLE STATUS LIKE 'tb_user' [ RunTime:0.001000s ]
[ 2018-04-18T15:42:17+08:00 ][ sql ] [ SQL ] SELECT * FROM `information_schema`.`columns` WHERE TABLE_SCHEMA = 'db_anchor' AND table_name = 'tb_popular' ORDER BY ORDINAL_POSITION [ RunTime:0.011000s ]
[ 2018-04-18T15:42:17+08:00 ][ sql ] [ SQL ] SELECT * FROM `information_schema`.`columns` WHERE TABLE_SCHEMA = 'db_anchor' AND table_name = 'tb_platform' ORDER BY ORDINAL_POSITION [ RunTime:0.011001s ]
[ 2018-04-18T15:42:17+08:00 ][ sql ] [ SQL ] SELECT * FROM `information_schema`.`columns` WHERE TABLE_SCHEMA = 'db_anchor' AND table_name = 'tb_user' ORDER BY ORDINAL_POSITION [ RunTime:0.012001s ]
[ 2018-04-18T15:46:31+08:00 ][ info ] [ BEHAVIOR ] Run Closure @app_init [ RunTime:0.001000s ]
[ info ] [ LOG ] INIT File
[ 2018-04-18T15:46:31+08:00 ][ info ] [ CACHE ] INIT File
[ 2018-04-18T15:46:31+08:00 ][ info ] [ BEHAVIOR ] Run Closure @app_init [ RunTime:0.004000s ]
[ 2018-04-18T15:46:31+08:00 ][ info ] [ DB ] INIT mysql
[ 2018-04-18T15:46:31+08:00 ][ sql ] [ DB ] CONNECT:[ UseTime:0.002000s ] mysql:host=127.0.0.1;dbname=db_anchor;charset=utf8
[ 2018-04-18T15:46:31+08:00 ][ sql ] [ SQL ] SHOW TABLE STATUS LIKE 'speak' [ RunTime:0.002000s ]
[ 2018-04-18T15:46:31+08:00 ][ sql ] [ SQL ] SHOW TABLE STATUS LIKE 'tb_speak' [ RunTime:0.001000s ]
[ 2018-04-18T15:46:51+08:00 ][ info ] [ BEHAVIOR ] Run Closure @app_init [ RunTime:0.000000s ]
[ info ] [ LOG ] INIT File
[ 2018-04-18T15:46:51+08:00 ][ info ] [ CACHE ] INIT File
[ 2018-04-18T15:46:51+08:00 ][ info ] [ BEHAVIOR ] Run Closure @app_init [ RunTime:0.003001s ]
[ 2018-04-18T15:46:51+08:00 ][ info ] [ DB ] INIT mysql
[ 2018-04-18T15:46:51+08:00 ][ sql ] [ DB ] CONNECT:[ UseTime:0.002000s ] mysql:host=127.0.0.1;dbname=db_anchor;charset=utf8
[ 2018-04-18T15:46:51+08:00 ][ sql ] [ SQL ] SHOW TABLE STATUS LIKE 'speak' [ RunTime:0.001000s ]
[ 2018-04-18T15:46:51+08:00 ][ sql ] [ SQL ] SHOW TABLE STATUS LIKE 'tb_speak' [ RunTime:0.001000s ]
[ 2018-04-18T15:46:51+08:00 ][ sql ] [ SQL ] SHOW TABLE STATUS LIKE 'platform' [ RunTime:0.001000s ]
[ 2018-04-18T15:46:51+08:00 ][ sql ] [ SQL ] SHOW TABLE STATUS LIKE 'tb_platform' [ RunTime:0.001000s ]
[ 2018-04-18T15:46:51+08:00 ][ sql ] [ SQL ] SHOW TABLE STATUS LIKE 'user' [ RunTime:0.001000s ]
[ 2018-04-18T15:46:51+08:00 ][ sql ] [ SQL ] SHOW TABLE STATUS LIKE 'tb_user' [ RunTime:0.001000s ]
[ 2018-04-18T15:46:51+08:00 ][ sql ] [ SQL ] SELECT * FROM `information_schema`.`columns` WHERE TABLE_SCHEMA = 'db_anchor' AND table_name = 'tb_speak' ORDER BY ORDINAL_POSITION [ RunTime:0.011001s ]
[ 2018-04-18T15:46:51+08:00 ][ sql ] [ SQL ] SELECT * FROM `information_schema`.`columns` WHERE TABLE_SCHEMA = 'db_anchor' AND table_name = 'tb_platform' ORDER BY ORDINAL_POSITION [ RunTime:0.011000s ]
[ 2018-04-18T15:46:51+08:00 ][ sql ] [ SQL ] SELECT * FROM `information_schema`.`columns` WHERE TABLE_SCHEMA = 'db_anchor' AND table_name = 'tb_user' ORDER BY ORDINAL_POSITION [ RunTime:0.011001s ]
[ 2018-04-18T15:49:45+08:00 ][ info ] [ BEHAVIOR ] Run Closure @app_init [ RunTime:0.000000s ]
[ info ] [ LOG ] INIT File
[ 2018-04-18T15:49:45+08:00 ][ info ] [ CACHE ] INIT File
[ 2018-04-18T15:49:45+08:00 ][ info ] [ BEHAVIOR ] Run Closure @app_init [ RunTime:0.004000s ]
[ 2018-04-18T15:49:46+08:00 ][ info ] [ DB ] INIT mysql
[ 2018-04-18T15:49:46+08:00 ][ sql ] [ DB ] CONNECT:[ UseTime:0.011000s ] mysql:host=127.0.0.1;dbname=db_anchor;charset=utf8
[ 2018-04-18T15:49:46+08:00 ][ sql ] [ SQL ] SHOW TABLE STATUS LIKE 'detail' [ RunTime:0.001000s ]
[ 2018-04-18T15:49:46+08:00 ][ sql ] [ SQL ] SHOW TABLE STATUS LIKE 'tb_detail' [ RunTime:0.001000s ]
[ 2018-04-18T15:51:44+08:00 ][ info ] [ BEHAVIOR ] Run Closure @app_init [ RunTime:0.000000s ]
[ info ] [ LOG ] INIT File
[ 2018-04-18T15:51:44+08:00 ][ info ] [ CACHE ] INIT File
[ 2018-04-18T15:51:44+08:00 ][ info ] [ BEHAVIOR ] Run Closure @app_init [ RunTime:0.005000s ]
[ 2018-04-18T15:51:44+08:00 ][ info ] [ DB ] INIT mysql
[ 2018-04-18T15:51:44+08:00 ][ sql ] [ DB ] CONNECT:[ UseTime:0.002000s ] mysql:host=127.0.0.1;dbname=db_anchor;charset=utf8
[ 2018-04-18T15:51:44+08:00 ][ sql ] [ SQL ] SHOW TABLE STATUS LIKE 'detail' [ RunTime:0.002000s ]
[ 2018-04-18T15:51:44+08:00 ][ sql ] [ SQL ] SHOW TABLE STATUS LIKE 'tb_detail' [ RunTime:0.001001s ]
[ 2018-04-18T15:51:44+08:00 ][ sql ] [ SQL ] SHOW TABLE STATUS LIKE 'platform' [ RunTime:0.001000s ]
[ 2018-04-18T15:51:44+08:00 ][ sql ] [ SQL ] SHOW TABLE STATUS LIKE 'tb_platform' [ RunTime:0.000000s ]
[ 2018-04-18T15:51:44+08:00 ][ sql ] [ SQL ] SHOW TABLE STATUS LIKE 'user' [ RunTime:0.000000s ]
[ 2018-04-18T15:51:44+08:00 ][ sql ] [ SQL ] SHOW TABLE STATUS LIKE 'tb_user' [ RunTime:0.001000s ]
[ 2018-04-18T15:51:44+08:00 ][ sql ] [ SQL ] SELECT * FROM `information_schema`.`columns` WHERE TABLE_SCHEMA = 'db_anchor' AND table_name = 'tb_detail' ORDER BY ORDINAL_POSITION [ RunTime:0.014001s ]
[ 2018-04-18T15:51:45+08:00 ][ sql ] [ SQL ] SELECT * FROM `information_schema`.`columns` WHERE TABLE_SCHEMA = 'db_anchor' AND table_name = 'tb_platform' ORDER BY ORDINAL_POSITION [ RunTime:0.012001s ]
[ 2018-04-18T15:51:45+08:00 ][ sql ] [ SQL ] SELECT * FROM `information_schema`.`columns` WHERE TABLE_SCHEMA = 'db_anchor' AND table_name = 'tb_user' ORDER BY ORDINAL_POSITION [ RunTime:0.014001s ]
[ 2018-04-18T15:56:04+08:00 ][ info ] [ BEHAVIOR ] Run Closure @app_init [ RunTime:0.001000s ]
[ info ] [ LOG ] INIT File
[ 2018-04-18T15:56:04+08:00 ][ info ] [ CACHE ] INIT File
[ 2018-04-18T15:56:04+08:00 ][ info ] [ BEHAVIOR ] Run Closure @app_init [ RunTime:0.003000s ]
[ 2018-04-18T15:56:04+08:00 ][ info ] [ DB ] INIT mysql
[ 2018-04-18T15:56:04+08:00 ][ sql ] [ DB ] CONNECT:[ UseTime:0.002000s ] mysql:host=127.0.0.1;dbname=db_anchor;charset=utf8
[ 2018-04-18T15:56:04+08:00 ][ sql ] [ SQL ] SHOW TABLE STATUS LIKE 'gift' [ RunTime:0.001000s ]
[ 2018-04-18T15:56:04+08:00 ][ sql ] [ SQL ] SHOW TABLE STATUS LIKE 'tb_gift' [ RunTime:0.001000s ]
[ 2018-04-18T15:56:04+08:00 ][ sql ] [ SQL ] SHOW TABLE STATUS LIKE 'platform' [ RunTime:0.000000s ]
[ 2018-04-18T15:56:04+08:00 ][ sql ] [ SQL ] SHOW TABLE STATUS LIKE 'tb_platform' [ RunTime:0.001000s ]
[ 2018-04-18T15:56:04+08:00 ][ sql ] [ SQL ] SHOW TABLE STATUS LIKE 'user' [ RunTime:0.000000s ]
[ 2018-04-18T15:56:04+08:00 ][ sql ] [ SQL ] SHOW TABLE STATUS LIKE 'tb_user' [ RunTime:0.001000s ]
[ 2018-04-18T15:56:25+08:00 ][ info ] [ BEHAVIOR ] Run Closure @app_init [ RunTime:0.001000s ]
[ info ] [ LOG ] INIT File
[ 2018-04-18T15:56:25+08:00 ][ info ] [ CACHE ] INIT File
[ 2018-04-18T15:56:25+08:00 ][ info ] [ BEHAVIOR ] Run Closure @app_init [ RunTime:0.005000s ]
[ 2018-04-18T15:56:25+08:00 ][ info ] [ DB ] INIT mysql
[ 2018-04-18T15:56:25+08:00 ][ sql ] [ DB ] CONNECT:[ UseTime:0.002000s ] mysql:host=127.0.0.1;dbname=db_anchor;charset=utf8
[ 2018-04-18T15:56:26+08:00 ][ sql ] [ SQL ] SHOW TABLE STATUS LIKE 'gift' [ RunTime:0.001000s ]
[ 2018-04-18T15:56:26+08:00 ][ sql ] [ SQL ] SHOW TABLE STATUS LIKE 'tb_gift' [ RunTime:0.001000s ]
[ 2018-04-18T15:56:32+08:00 ][ info ] [ BEHAVIOR ] Run Closure @app_init [ RunTime:0.000000s ]
[ info ] [ LOG ] INIT File
[ 2018-04-18T15:56:32+08:00 ][ info ] [ CACHE ] INIT File
[ 2018-04-18T15:56:32+08:00 ][ info ] [ BEHAVIOR ] Run Closure @app_init [ RunTime:0.004000s ]
[ 2018-04-18T15:56:32+08:00 ][ info ] [ DB ] INIT mysql
[ 2018-04-18T15:56:32+08:00 ][ sql ] [ DB ] CONNECT:[ UseTime:0.002001s ] mysql:host=127.0.0.1;dbname=db_anchor;charset=utf8
[ 2018-04-18T15:56:32+08:00 ][ sql ] [ SQL ] SHOW TABLE STATUS LIKE 'gift' [ RunTime:0.001000s ]
[ 2018-04-18T15:56:32+08:00 ][ sql ] [ SQL ] SHOW TABLE STATUS LIKE 'tb_gift' [ RunTime:0.001000s ]
[ 2018-04-18T15:56:32+08:00 ][ sql ] [ SQL ] SHOW TABLE STATUS LIKE 'platform' [ RunTime:0.000000s ]
[ 2018-04-18T15:56:32+08:00 ][ sql ] [ SQL ] SHOW TABLE STATUS LIKE 'tb_platform' [ RunTime:0.001000s ]
[ 2018-04-18T15:56:32+08:00 ][ sql ] [ SQL ] SHOW TABLE STATUS LIKE 'user' [ RunTime:0.000000s ]
[ 2018-04-18T15:56:32+08:00 ][ sql ] [ SQL ] SHOW TABLE STATUS LIKE 'tb_user' [ RunTime:0.001000s ]
[ 2018-04-18T15:56:32+08:00 ][ sql ] [ SQL ] SELECT * FROM `information_schema`.`columns` WHERE TABLE_SCHEMA = 'db_anchor' AND table_name = 'tb_gift' ORDER BY ORDINAL_POSITION [ RunTime:0.011001s ]
[ 2018-04-18T15:56:32+08:00 ][ sql ] [ SQL ] SELECT * FROM `information_schema`.`columns` WHERE TABLE_SCHEMA = 'db_anchor' AND table_name = 'tb_platform' ORDER BY ORDINAL_POSITION [ RunTime:0.011001s ]
[ 2018-04-18T15:56:32+08:00 ][ sql ] [ SQL ] SELECT * FROM `information_schema`.`columns` WHERE TABLE_SCHEMA = 'db_anchor' AND table_name = 'tb_user' ORDER BY ORDINAL_POSITION [ RunTime:0.012000s ]
[ 2018-04-18T16:00:32+08:00 ][ info ] [ BEHAVIOR ] Run Closure @app_init [ RunTime:0.000000s ]
[ info ] [ LOG ] INIT File
[ 2018-04-18T16:00:32+08:00 ][ info ] [ CACHE ] INIT File
[ 2018-04-18T16:00:32+08:00 ][ info ] [ BEHAVIOR ] Run Closure @app_init [ RunTime:0.004000s ]
[ 2018-04-18T16:00:32+08:00 ][ info ] [ DB ] INIT mysql
[ 2018-04-18T16:00:32+08:00 ][ sql ] [ DB ] CONNECT:[ UseTime:0.001000s ] mysql:host=127.0.0.1;dbname=db_anchor;charset=utf8
[ 2018-04-18T16:00:32+08:00 ][ sql ] [ SQL ] SHOW TABLE STATUS LIKE 'account' [ RunTime:0.001000s ]
[ 2018-04-18T16:00:32+08:00 ][ sql ] [ SQL ] SHOW TABLE STATUS LIKE 'tb_account' [ RunTime:0.001000s ]
[ 2018-04-18T16:00:45+08:00 ][ info ] [ BEHAVIOR ] Run Closure @app_init [ RunTime:0.001000s ]
[ info ] [ LOG ] INIT File
[ 2018-04-18T16:00:45+08:00 ][ info ] [ CACHE ] INIT File
[ 2018-04-18T16:00:45+08:00 ][ info ] [ BEHAVIOR ] Run Closure @app_init [ RunTime:0.006001s ]
[ 2018-04-18T16:00:45+08:00 ][ info ] [ DB ] INIT mysql
[ 2018-04-18T16:00:45+08:00 ][ sql ] [ DB ] CONNECT:[ UseTime:0.002000s ] mysql:host=127.0.0.1;dbname=db_anchor;charset=utf8
[ 2018-04-18T16:00:45+08:00 ][ sql ] [ SQL ] SHOW TABLE STATUS LIKE 'account' [ RunTime:0.001000s ]
[ 2018-04-18T16:00:45+08:00 ][ sql ] [ SQL ] SHOW TABLE STATUS LIKE 'tb_account' [ RunTime:0.001000s ]
[ 2018-04-18T16:00:45+08:00 ][ sql ] [ SQL ] SHOW TABLE STATUS LIKE 'company' [ RunTime:0.001000s ]
[ 2018-04-18T16:00:45+08:00 ][ sql ] [ SQL ] SHOW TABLE STATUS LIKE 'tb_company' [ RunTime:0.001000s ]
[ 2018-04-18T16:00:45+08:00 ][ sql ] [ SQL ] SELECT * FROM `information_schema`.`columns` WHERE TABLE_SCHEMA = 'db_anchor' AND table_name = 'tb_account' ORDER BY ORDINAL_POSITION [ RunTime:0.013001s ]
[ 2018-04-18T16:00:45+08:00 ][ sql ] [ SQL ] SELECT * FROM `information_schema`.`columns` WHERE TABLE_SCHEMA = 'db_anchor' AND table_name = 'tb_company' ORDER BY ORDINAL_POSITION [ RunTime:0.013001s ]
